\BOOKMARK [1][-]{section.1}{Problem 1}{}% 1
\BOOKMARK [2][-]{subsection.1.1}{Problem A}{section.1}% 2
\BOOKMARK [3][-]{subsubsection.1.1.1}{Problem i}{subsection.1.1}% 3
\BOOKMARK [3][-]{subsubsection.1.1.2}{Problem ii}{subsection.1.1}% 4
\BOOKMARK [2][-]{subsection.1.2}{Problem B}{section.1}% 5
\BOOKMARK [2][-]{subsection.1.3}{Problem C}{section.1}% 6
\BOOKMARK [3][-]{subsubsection.1.3.1}{i}{subsection.1.3}% 7
\BOOKMARK [3][-]{subsubsection.1.3.2}{ii}{subsection.1.3}% 8
\BOOKMARK [1][-]{section.2}{Problem 2}{}% 9
\BOOKMARK [2][-]{subsection.2.1}{Problem A}{section.2}% 10
\BOOKMARK [2][-]{subsection.2.2}{Problem B}{section.2}% 11
\BOOKMARK [3][-]{subsubsection.2.2.1}{i}{subsection.2.2}% 12
\BOOKMARK [3][-]{subsubsection.2.2.2}{ii}{subsection.2.2}% 13
\BOOKMARK [2][-]{subsection.2.3}{Problem C}{section.2}% 14
\BOOKMARK [2][-]{subsection.2.4}{Problem D}{section.2}% 15
\BOOKMARK [2][-]{subsection.2.5}{Problem E}{section.2}% 16
\BOOKMARK [1][-]{section.3}{Problem 3}{}% 17
\BOOKMARK [2][-]{subsection.3.1}{Problem A}{section.3}% 18
\BOOKMARK [2][-]{subsection.3.2}{Problem B}{section.3}% 19
\BOOKMARK [3][-]{subsubsection.3.2.1}{i}{subsection.3.2}% 20
\BOOKMARK [2][-]{subsection.3.3}{ii}{section.3}% 21
\BOOKMARK [2][-]{subsection.3.4}{Problem C}{section.3}% 22
\BOOKMARK [3][-]{subsubsection.3.4.1}{i}{subsection.3.4}% 23
\BOOKMARK [3][-]{subsubsection.3.4.2}{ii}{subsection.3.4}% 24
\BOOKMARK [3][-]{subsubsection.3.4.3}{iii}{subsection.3.4}% 25
\BOOKMARK [2][-]{subsection.3.5}{Problem D}{section.3}% 26
