\BOOKMARK [1][-]{section.1}{Problem 1}{}% 1
\BOOKMARK [2][-]{subsection.1.1}{Part A}{section.1}% 2
\BOOKMARK [2][-]{subsection.1.2}{Part B}{section.1}% 3
\BOOKMARK [2][-]{subsection.1.3}{Part C}{section.1}% 4
\BOOKMARK [2][-]{subsection.1.4}{Part D}{section.1}% 5
\BOOKMARK [2][-]{subsection.1.5}{Part E}{section.1}% 6
\BOOKMARK [2][-]{subsection.1.6}{Part F}{section.1}% 7
\BOOKMARK [2][-]{subsection.1.7}{Part G}{section.1}% 8
\BOOKMARK [2][-]{subsection.1.8}{Part H}{section.1}% 9
\BOOKMARK [1][-]{section.2}{Problem 2}{}% 10
\BOOKMARK [2][-]{subsection.2.1}{Problem A}{section.2}% 11
\BOOKMARK [2][-]{subsection.2.2}{Problem B}{section.2}% 12
\BOOKMARK [2][-]{subsection.2.3}{Problem C}{section.2}% 13
\BOOKMARK [2][-]{subsection.2.4}{Problem D}{section.2}% 14
\BOOKMARK [2][-]{subsection.2.5}{Problem E}{section.2}% 15
\BOOKMARK [2][-]{subsection.2.6}{Problem F}{section.2}% 16
\BOOKMARK [2][-]{subsection.2.7}{Problem G}{section.2}% 17
\BOOKMARK [1][-]{section.3}{Problem 3}{}% 18
\BOOKMARK [2][-]{subsection.3.1}{Problem A}{section.3}% 19
\BOOKMARK [2][-]{subsection.3.2}{Problem B}{section.3}% 20
\BOOKMARK [2][-]{subsection.3.3}{Problem C}{section.3}% 21
\BOOKMARK [1][-]{section.4}{Problem 4}{}% 22
\BOOKMARK [2][-]{subsection.4.1}{Problem A}{section.4}% 23
\BOOKMARK [2][-]{subsection.4.2}{Problem B}{section.4}% 24
\BOOKMARK [2][-]{subsection.4.3}{Problem C}{section.4}% 25
\BOOKMARK [2][-]{subsection.4.4}{Problem D}{section.4}% 26
\BOOKMARK [2][-]{subsection.4.5}{Problem E}{section.4}% 27
\BOOKMARK [2][-]{subsection.4.6}{Problem F}{section.4}% 28
\BOOKMARK [2][-]{subsection.4.7}{Problem G}{section.4}% 29
\BOOKMARK [2][-]{subsection.4.8}{Problem H}{section.4}% 30
\BOOKMARK [2][-]{subsection.4.9}{Problem I}{section.4}% 31
\BOOKMARK [2][-]{subsection.4.10}{Problem J}{section.4}% 32
\BOOKMARK [2][-]{subsection.4.11}{Problem K}{section.4}% 33
