\BOOKMARK [1][-]{section.1}{Problem 1}{}% 1
\BOOKMARK [2][-]{subsection.1.1}{Problem A}{section.1}% 2
\BOOKMARK [2][-]{subsection.1.2}{Problem B}{section.1}% 3
\BOOKMARK [2][-]{subsection.1.3}{Problem C}{section.1}% 4
\BOOKMARK [2][-]{subsection.1.4}{Problem D}{section.1}% 5
\BOOKMARK [2][-]{subsection.1.5}{Problem E}{section.1}% 6
\BOOKMARK [3][-]{subsubsection.1.5.1}{Part i}{subsection.1.5}% 7
\BOOKMARK [3][-]{subsubsection.1.5.2}{Part ii}{subsection.1.5}% 8
\BOOKMARK [3][-]{subsubsection.1.5.3}{Part iii}{subsection.1.5}% 9
\BOOKMARK [2][-]{subsection.1.6}{Problem F}{section.1}% 10
\BOOKMARK [3][-]{subsubsection.1.6.1}{Part i}{subsection.1.6}% 11
\BOOKMARK [3][-]{subsubsection.1.6.2}{Part ii}{subsection.1.6}% 12
\BOOKMARK [3][-]{subsubsection.1.6.3}{Part iii}{subsection.1.6}% 13
\BOOKMARK [1][-]{section.2}{Problem 2}{}% 14
\BOOKMARK [2][-]{subsection.2.1}{Problem A}{section.2}% 15
\BOOKMARK [2][-]{subsection.2.2}{Problem B}{section.2}% 16
\BOOKMARK [2][-]{subsection.2.3}{Problem C}{section.2}% 17
\BOOKMARK [2][-]{subsection.2.4}{Problem D}{section.2}% 18
\BOOKMARK [2][-]{subsection.2.5}{Problem E}{section.2}% 19
\BOOKMARK [1][-]{section.3}{Problem 3}{}% 20
\BOOKMARK [2][-]{subsection.3.1}{Problem A}{section.3}% 21
\BOOKMARK [2][-]{subsection.3.2}{Problem B}{section.3}% 22
\BOOKMARK [2][-]{subsection.3.3}{Problem C}{section.3}% 23
\BOOKMARK [2][-]{subsection.3.4}{Problem D}{section.3}% 24
\BOOKMARK [2][-]{subsection.3.5}{Problem E}{section.3}% 25
\BOOKMARK [3][-]{subsubsection.3.5.1}{Part i}{subsection.3.5}% 26
\BOOKMARK [3][-]{subsubsection.3.5.2}{Part ii}{subsection.3.5}% 27
\BOOKMARK [3][-]{subsubsection.3.5.3}{Part iii}{subsection.3.5}% 28
