\BOOKMARK [1][-]{section.1}{Problem 1}{}% 1
\BOOKMARK [2][-]{subsection.1.1}{Question A}{section.1}% 2
\BOOKMARK [2][-]{subsection.1.2}{Question B}{section.1}% 3
\BOOKMARK [2][-]{subsection.1.3}{Question C}{section.1}% 4
\BOOKMARK [2][-]{subsection.1.4}{Question D}{section.1}% 5
\BOOKMARK [2][-]{subsection.1.5}{Question E}{section.1}% 6
\BOOKMARK [2][-]{subsection.1.6}{Question F}{section.1}% 7
\BOOKMARK [2][-]{subsection.1.7}{Question G}{section.1}% 8
\BOOKMARK [2][-]{subsection.1.8}{Question H}{section.1}% 9
\BOOKMARK [2][-]{subsection.1.9}{Question I}{section.1}% 10
\BOOKMARK [2][-]{subsection.1.10}{Question J}{section.1}% 11
\BOOKMARK [2][-]{subsection.1.11}{Question K}{section.1}% 12
\BOOKMARK [2][-]{subsection.1.12}{Question L}{section.1}% 13
\BOOKMARK [2][-]{subsection.1.13}{Question M}{section.1}% 14
\BOOKMARK [2][-]{subsection.1.14}{Question N}{section.1}% 15
\BOOKMARK [1][-]{section.2}{Problem 2}{}% 16
\BOOKMARK [2][-]{subsection.2.1}{Question 1}{section.2}% 17
\BOOKMARK [2][-]{subsection.2.2}{Question 2}{section.2}% 18
\BOOKMARK [2][-]{subsection.2.3}{Question 3}{section.2}% 19
\BOOKMARK [1][-]{section.3}{Problem 3}{}% 20
\BOOKMARK [2][-]{subsection.3.1}{Question 3}{section.3}% 21
\BOOKMARK [2][-]{subsection.3.2}{Question 2}{section.3}% 22
\BOOKMARK [2][-]{subsection.3.3}{Question 3}{section.3}% 23
\BOOKMARK [1][-]{section.4}{Problem 4}{}% 24
\BOOKMARK [2][-]{subsection.4.1}{Question 1}{section.4}% 25
\BOOKMARK [2][-]{subsection.4.2}{Question 2}{section.4}% 26
\BOOKMARK [1][-]{section.5}{Problem 5}{}% 27
\BOOKMARK [2][-]{subsection.5.1}{Question 1}{section.5}% 28
\BOOKMARK [2][-]{subsection.5.2}{Question 2}{section.5}% 29
\BOOKMARK [2][-]{subsection.5.3}{Question 3}{section.5}% 30
