\BOOKMARK [1][-]{section.1}{Problem 1}{}% 1
\BOOKMARK [2][-]{subsection.1.1}{Problem A}{section.1}% 2
\BOOKMARK [2][-]{subsection.1.2}{Problem B}{section.1}% 3
\BOOKMARK [2][-]{subsection.1.3}{Problem C}{section.1}% 4
\BOOKMARK [2][-]{subsection.1.4}{Problem D}{section.1}% 5
\BOOKMARK [2][-]{subsection.1.5}{Problem E}{section.1}% 6
\BOOKMARK [1][-]{section.2}{Problem 2}{}% 7
\BOOKMARK [2][-]{subsection.2.1}{Problem A}{section.2}% 8
\BOOKMARK [2][-]{subsection.2.2}{Problem B}{section.2}% 9
\BOOKMARK [2][-]{subsection.2.3}{Problem C}{section.2}% 10
\BOOKMARK [2][-]{subsection.2.4}{Problem D}{section.2}% 11
\BOOKMARK [2][-]{subsection.2.5}{Problem E}{section.2}% 12
\BOOKMARK [2][-]{subsection.2.6}{Problem F}{section.2}% 13
\BOOKMARK [2][-]{subsection.2.7}{Problem G}{section.2}% 14
\BOOKMARK [1][-]{section.3}{Problem 3}{}% 15
\BOOKMARK [2][-]{subsection.3.1}{Problem A}{section.3}% 16
\BOOKMARK [2][-]{subsection.3.2}{Problem B}{section.3}% 17
\BOOKMARK [3][-]{subsubsection.3.2.1}{Problem i}{subsection.3.2}% 18
\BOOKMARK [3][-]{subsubsection.3.2.2}{Problem ii}{subsection.3.2}% 19
\BOOKMARK [3][-]{subsubsection.3.2.3}{Problem iii}{subsection.3.2}% 20
\BOOKMARK [3][-]{subsubsection.3.2.4}{Problem iv}{subsection.3.2}% 21
